[1019/111014.761:ERROR:directory_reader_win.cc(43)] FindFirstFile: 系统找不到指定的路径。 (0x3)
[1020/153244.015:ERROR:directory_reader_win.cc(43)] FindFirstFile: 系统找不到指定的路径。 (0x3)
[1021/080026.423:ERROR:process_reader_win.cc(155)] SuspendThread: 拒绝访问。 (0x5)
[1021/080026.423:ERROR:process_reader_win.cc(127)] NtOpenThread: {无法访问} 过程已请求访问一对象，但未给访问权限。 (0xc0000022)
[1021/080026.423:ERROR:exception_snapshot_win.cc(100)] thread ID 15752 not found in process
[1021/080026.423:ERROR:process_reader_win.cc(155)] SuspendThread: 拒绝访问。 (0x5)
[1021/080026.423:ERROR:process_reader_win.cc(127)] NtOpenThread: {无法访问} 过程已请求访问一对象，但未给访问权限。 (0xc0000022)
[1021/080026.423:ERROR:exception_snapshot_win.cc(100)] thread ID 8068 not found in process
[1021/080026.438:ERROR:process_reader_win.cc(127)] NtOpenThread: {无法访问} 过程已请求访问一对象，但未给访问权限。 (0xc0000022)
[1021/080026.438:ERROR:exception_snapshot_win.cc(100)] thread ID 25028 not found in process
[1021/080026.438:ERROR:process_reader_win.cc(155)] SuspendThread: 拒绝访问。 (0x5)
[1021/080026.438:ERROR:process_reader_win.cc(127)] NtOpenThread: {无法访问} 过程已请求访问一对象，但未给访问权限。 (0xc0000022)
[1021/080026.438:ERROR:exception_snapshot_win.cc(100)] thread ID 11400 not found in process
[1021/080026.579:ERROR:process_reader_win.cc(155)] SuspendThread: 拒绝访问。 (0x5)
[1021/080026.579:ERROR:process_reader_win.cc(155)] SuspendThread: 拒绝访问。 (0x5)
[1021/080026.579:ERROR:process_reader_win.cc(155)] SuspendThread: 拒绝访问。 (0x5)
[1021/080026.579:ERROR:process_reader_win.cc(155)] SuspendThread: 拒绝访问。 (0x5)
[1021/080026.579:ERROR:process_reader_win.cc(155)] SuspendThread: 拒绝访问。 (0x5)
[1021/080026.579:ERROR:process_reader_win.cc(155)] SuspendThread: 拒绝访问。 (0x5)
[1021/080026.579:ERROR:process_reader_win.cc(155)] SuspendThread: 拒绝访问。 (0x5)
[1021/080026.579:ERROR:process_reader_win.cc(155)] SuspendThread: 拒绝访问。 (0x5)
[1021/080026.579:ERROR:process_reader_win.cc(155)] SuspendThread: 拒绝访问。 (0x5)
[1021/080026.579:ERROR:process_reader_win.cc(155)] SuspendThread: 拒绝访问。 (0x5)
[1021/080026.579:ERROR:process_reader_win.cc(155)] SuspendThread: 拒绝访问。 (0x5)
[1021/080026.579:ERROR:process_reader_win.cc(155)] SuspendThread: 拒绝访问。 (0x5)
[1021/080026.579:ERROR:process_reader_win.cc(127)] NtOpenThread: {无法访问} 过程已请求访问一对象，但未给访问权限。 (0xc0000022)
[1021/080026.579:ERROR:exception_snapshot_win.cc(100)] thread ID 7424 not found in process
[1021/080026.595:ERROR:process_reader_win.cc(155)] SuspendThread: 拒绝访问。 (0x5)
[1021/080026.595:ERROR:process_reader_win.cc(155)] SuspendThread: 拒绝访问。 (0x5)
[1021/080026.595:ERROR:process_reader_win.cc(155)] SuspendThread: 拒绝访问。 (0x5)
[1021/080026.595:ERROR:process_reader_win.cc(155)] SuspendThread: 拒绝访问。 (0x5)
[1021/080026.595:ERROR:process_reader_win.cc(155)] SuspendThread: 拒绝访问。 (0x5)
[1021/080026.595:ERROR:process_reader_win.cc(155)] SuspendThread: 拒绝访问。 (0x5)
[1021/080026.595:ERROR:process_reader_win.cc(127)] NtOpenThread: {无法访问} 过程已请求访问一对象，但未给访问权限。 (0xc0000022)
[1021/080026.595:ERROR:exception_snapshot_win.cc(100)] thread ID 21240 not found in process
[1021/080026.704:ERROR:filesystem_win.cc(129)] GetFileAttributes C:\Users\ruth\AppData\Local\Microsoft\Edge\User Data\Crashpad\attachments\c775e971-f71b-4549-9002-659181895629: 系统找不到指定的路径。 (0x3)
[1021/080026.813:ERROR:filesystem_win.cc(129)] GetFileAttributes C:\Users\ruth\AppData\Local\Microsoft\Edge\User Data\Crashpad\attachments\8e1bc0df-b710-4e2b-a3ef-46312a3d51ef: 系统找不到指定的路径。 (0x3)
[1021/080026.829:ERROR:filesystem_win.cc(129)] GetFileAttributes C:\Users\ruth\AppData\Local\Microsoft\Edge\User Data\Crashpad\attachments\59297245-96a2-4fea-8f75-ba464aed4e25: 系统找不到指定的路径。 (0x3)
[1021/080026.845:ERROR:filesystem_win.cc(129)] GetFileAttributes C:\Users\ruth\AppData\Local\Microsoft\Edge\User Data\Crashpad\attachments\8138e75a-fdcb-431c-9d91-01dfb3be24ba: 系统找不到指定的路径。 (0x3)
[1021/080026.954:ERROR:filesystem_win.cc(129)] GetFileAttributes C:\Users\ruth\AppData\Local\Microsoft\Edge\User Data\Crashpad\attachments\cb94e0a4-16c6-4746-b596-b5b17f3ea3f1: 系统找不到指定的路径。 (0x3)
[1021/080027.001:ERROR:filesystem_win.cc(129)] GetFileAttributes C:\Users\ruth\AppData\Local\Microsoft\Edge\User Data\Crashpad\attachments\4533562c-30f8-4940-b762-23f23467ed7c: 系统找不到指定的路径。 (0x3)
[1022/133213.985:ERROR:directory_reader_win.cc(43)] FindFirstFile: 系统找不到指定的路径。 (0x3)
